<?xml version="1.0" encoding="UTF-8"?>
<!-- Generated by org.testng.reporters.JUnitReportReporter -->
<testsuite hostname="DESKTOP-E4SD1SC" failures="0" tests="1" name="tests.AddtoCartTests" time="9.804" errors="0" timestamp="2025-06-09T14:20:11 IST" skipped="0">
  <testcase classname="tests.AddtoCartTests" name="testAddFirstProductToCart" time="9.804"/>
</testsuite> <!-- tests.AddtoCartTests -->
