<?xml version="1.0" encoding="UTF-8"?>
<!-- Generated by org.testng.reporters.JUnitReportReporter -->
<testsuite hostname="DESKTOP-E4SD1SC" failures="0" tests="1" name="tests.LoginTests" time="5.992" errors="0" timestamp="2025-06-09T14:21:20 IST" skipped="0">
  <testcase classname="tests.LoginTests" name="testUserLogin" time="5.992"/>
</testsuite> <!-- tests.LoginTests -->
