<?xml version="1.0" encoding="UTF-8"?>
<!-- Generated by org.testng.reporters.JUnitReportReporter -->
<testsuite hostname="DESKTOP-E4SD1SC" failures="0" tests="1" name="tests.CheckOutTests" time="11.949" errors="0" timestamp="2025-06-09T14:20:37 IST" skipped="0">
  <testcase classname="tests.CheckOutTests" name="testPlaceOrder" time="11.949"/>
</testsuite> <!-- tests.CheckOutTests -->
