<?xml version="1.0" encoding="UTF-8"?>
<!-- Generated by org.testng.reporters.JUnitReportReporter -->
<testsuite hostname="DESKTOP-E4SD1SC" failures="0" tests="1" name="tests.HomePageTests" time="7.795" errors="0" timestamp="2025-06-09T14:20:59 IST" skipped="0">
  <testcase classname="tests.HomePageTests" name="verifyHomePageTitleAndLogo" time="7.795"/>
</testsuite> <!-- tests.HomePageTests -->
