<?xml version="1.0" encoding="UTF-8"?>
<!-- Generated by org.testng.reporters.JUnitReportReporter -->
<testsuite hostname="DESKTOP-E4SD1SC" failures="0" tests="1" name="tests.SignUpTests" time="8.296" errors="0" timestamp="2025-06-09T14:21:50 IST" skipped="0">
  <testcase classname="tests.SignUpTests" name="testUserSignUp" time="8.296"/>
</testsuite> <!-- tests.SignUpTests -->
