<?xml version="1.0" encoding="UTF-8"?>
<!-- Generated by org.testng.reporters.JUnitReportReporter -->
<testsuite hostname="DESKTOP-E4SD1SC" failures="0" tests="1" name="tests.CartVerificationTests" time="11.928" errors="0" timestamp="2025-06-09T14:19:47 IST" skipped="0">
  <testcase classname="tests.CartVerificationTests" name="testProductPresenceInCart" time="11.928"/>
</testsuite> <!-- tests.CartVerificationTests -->
